C51 COMPILER V9.54   AWAY                                                                  04/19/2023 23:48:11 PAGE 1   


C51 COMPILER V9.54, COMPILATION OF MODULE AWAY
OBJECT MODULE PLACED IN .\Objects\away.obj
COMPILER INVOKED BY: C:\Keil_v5\C51\BIN\C51.EXE away.c OPTIMIZE(8,SPEED) BROWSE DEBUG OBJECTEXTEND PRINT(.\Listings\away
                    -.lst) OBJECT(.\Objects\away.obj)

line level    source

   1          #include "away.h"
   2          #include "delay.h"
   3          #include "mcontrol.h"
   4          void awayInit(){
   5   1              TMOD &= 0xf0;
   6   1              TMOD |= 0x01;
   7   1              TF0 = 0;
   8   1              TR0 = 1;
   9   1              TH0 = 0xb8;
  10   1              TL0 = 0x00;
  11   1              ET0 = 1;
  12   1              EA=  1;
  13   1              PT0 = 0;
  14   1      }
  15          void away()  interrupt 1 {
  16   1              if(P3_4 ==  1 && P3_5 == 1) moveForward();
  17   1              else {
  18   2                      Delay50ms();
  19   2                      if(P3_4 == 0 && P3_5 == 1) {
  20   3                              moveLeft();
  21   3                      }
  22   2                      if(P3_4 == 1 && P3_5 == 0) {
  23   3                              moveRight();
  24   3                      }
  25   2                      if(P3_4 == 0 && P3_5 == 0) {
  26   3                              moveRight();
  27   3                      }
  28   2              }
  29   1      }


MODULE INFORMATION:   STATIC OVERLAYABLE
   CODE SIZE        =    120    ----
   CONSTANT SIZE    =   ----    ----
   XDATA SIZE       =   ----    ----
   PDATA SIZE       =   ----    ----
   DATA SIZE        =   ----    ----
   IDATA SIZE       =   ----    ----
   BIT SIZE         =   ----    ----
END OF MODULE INFORMATION.


C51 COMPILATION COMPLETE.  0 WARNING(S),  0 ERROR(S)
