C51 COMPILER V9.54   BUZZER                                                                04/20/2023 14:20:25 PAGE 1   


C51 COMPILER V9.54, COMPILATION OF MODULE BUZZER
OBJECT MODULE PLACED IN .\Objects\buzzer.obj
COMPILER INVOKED BY: C:\Keil_v5\C51\BIN\C51.EXE buzzer.c OPTIMIZE(8,SPEED) BROWSE DEBUG OBJECTEXTEND PRINT(.\Listings\bu
                    -zzer.lst) OBJECT(.\Objects\buzzer.obj)

line level    source

   1          #include "buzzer.h"
   2          #include "delay.h"
   3          sbit buzzer  = P2^3;
   4          void playOn()
   5          {
   6   1              unsigned int t = 50000;
   7   1              while(t--)
   8   1              {
   9   2                      delay_us(1000);
  10   2                      buzzer = !buzzer;
  11   2              }
  12   1      }
  13          #include <REGX52.H>


MODULE INFORMATION:   STATIC OVERLAYABLE
   CODE SIZE        =     31    ----
   CONSTANT SIZE    =   ----    ----
   XDATA SIZE       =   ----    ----
   PDATA SIZE       =   ----    ----
   DATA SIZE        =   ----       2
   IDATA SIZE       =   ----    ----
   BIT SIZE         =   ----    ----
END OF MODULE INFORMATION.


C51 COMPILATION COMPLETE.  0 WARNING(S),  0 ERROR(S)
