C51 COMPILER V9.54   DELAY                                                                 04/20/2023 14:20:41 PAGE 1   


C51 COMPILER V9.54, COMPILATION OF MODULE DELAY
OBJECT MODULE PLACED IN .\Objects\delay.obj
COMPILER INVOKED BY: C:\Keil_v5\C51\BIN\C51.EXE delay.c OPTIMIZE(8,SPEED) BROWSE DEBUG OBJECTEXTEND PRINT(.\Listings\del
                    -ay.lst) OBJECT(.\Objects\delay.obj)

line level    source

   1          #include "delay.h"
   2          
   3          void delay_us(unsigned int t)
   4          {
   5   1              for(;t > 0;t--);
   6   1      }
   7          void delay_ms(unsigned int t)
   8          {
   9   1              unsigned int  j;
  10   1              for(;t>0;t--)
  11   1                      for(j = 110;j>0;j--);
  12   1      }
  13          void Delay100ms()               //@11.0592MHz
  14          {
  15   1              unsigned char i, j;
  16   1      
  17   1              i = 180;
  18   1              j = 73;
  19   1              do
  20   1              {
  21   2                      while (--j);
  22   2              } while (--i);
  23   1      }
  24          void Delay50ms()                //@11.0592MHz
  25          {
  26   1              unsigned char i, j;
  27   1      
  28   1              i = 90;
  29   1              j = 163;
  30   1              do
  31   1              {
  32   2                      while (--j);
  33   2              } while (--i);
  34   1      }
  35          void Delay10us()                //@11.0592MHz
  36          {
  37   1              unsigned char i;
  38   1      
  39   1              i = 2;
  40   1              while (--i);
  41   1      }


MODULE INFORMATION:   STATIC OVERLAYABLE
   CODE SIZE        =     70    ----
   CONSTANT SIZE    =   ----    ----
   XDATA SIZE       =   ----    ----
   PDATA SIZE       =   ----    ----
   DATA SIZE        =   ----    ----
   IDATA SIZE       =   ----    ----
   BIT SIZE         =   ----    ----
END OF MODULE INFORMATION.


C51 COMPILATION COMPLETE.  0 WARNING(S),  0 ERROR(S)
