C51 COMPILER V9.54   DISPLAY                                                               04/17/2023 12:28:31 PAGE 1   


C51 COMPILER V9.54, COMPILATION OF MODULE DISPLAY
OBJECT MODULE PLACED IN .\Objects\display.obj
COMPILER INVOKED BY: C:\Keil_v5\C51\BIN\C51.EXE display.c OPTIMIZE(8,SPEED) BROWSE DEBUG OBJECTEXTEND PRINT(.\Listings\d
                    -isplay.lst) OBJECT(.\Objects\display.obj)

line level    source

   1          #include "display.h"
   2          unsigned char nums[10] = {0x02, 0x9f, 0x25,0x0d, 0x99, 0x49, 0x41, 0x1f, 0x01, 0x08};
   3          void display(unsigned int t)
   4          {
   5   1              P0 = nums[t];
   6   1      }


MODULE INFORMATION:   STATIC OVERLAYABLE
   CODE SIZE        =      8    ----
   CONSTANT SIZE    =   ----    ----
   XDATA SIZE       =   ----    ----
   PDATA SIZE       =   ----    ----
   DATA SIZE        =     10    ----
   IDATA SIZE       =   ----    ----
   BIT SIZE         =   ----    ----
END OF MODULE INFORMATION.


C51 COMPILATION COMPLETE.  0 WARNING(S),  0 ERROR(S)
