C51 COMPILER V9.54   MAIN                                                                  04/20/2023 15:32:10 PAGE 1   


C51 COMPILER V9.54, COMPILATION OF MODULE MAIN
OBJECT MODULE PLACED IN .\Objects\main.obj
COMPILER INVOKED BY: C:\Keil_v5\C51\BIN\C51.EXE main.c OPTIMIZE(8,SPEED) BROWSE DEBUG OBJECTEXTEND PRINT(.\Listings\main
                    -.lst) OBJECT(.\Objects\main.obj)

line level    source

   1          #include <REGX52.H>
   2          #include "mcontrol.h"
   3          #include "delay.h"
   4          #include "display.h"
   5          #include "seek.h"
   6          #include "uart.h"
   7          #include "ultrasound.h"
   8          void main()
   9          {       
  10   1              //seekInit();
  11   1              uart_init();
  12   1              soundinit();
  13   1              while(1)
  14   1              {
  15   2                      //follow();
  16   2              }               
  17   1      }
  18          


MODULE INFORMATION:   STATIC OVERLAYABLE
   CODE SIZE        =      8    ----
   CONSTANT SIZE    =   ----    ----
   XDATA SIZE       =   ----    ----
   PDATA SIZE       =   ----    ----
   DATA SIZE        =   ----    ----
   IDATA SIZE       =   ----    ----
   BIT SIZE         =   ----    ----
END OF MODULE INFORMATION.


C51 COMPILATION COMPLETE.  0 WARNING(S),  0 ERROR(S)
