C51 COMPILER V9.54   SEEK                                                                  04/20/2023 13:54:48 PAGE 1   


C51 COMPILER V9.54, COMPILATION OF MODULE SEEK
OBJECT MODULE PLACED IN .\Objects\seek.obj
COMPILER INVOKED BY: C:\Keil_v5\C51\BIN\C51.EXE seek.c OPTIMIZE(8,SPEED) BROWSE DEBUG OBJECTEXTEND PRINT(.\Listings\seek
                    -.lst) OBJECT(.\Objects\seek.obj)

line level    source

   1          #include "seek.h"
   2          #include "display.h"
   3          #include "mcontrol.h"
   4          void seekInit(){
   5   1              TMOD &= 0xf0;
   6   1              TMOD |= 0x01;
   7   1              TF0 = 0;
   8   1              // TR0 = 1;
   9   1              TH0 = 0xb8;
  10   1              TL0 = 0x00;
  11   1              ET0 = 1;
  12   1              EA=  1;
  13   1              PT0 = 0;
  14   1      }
  15          void seekRun() interrupt 1
  16          {
  17   1              TH0 = 0xdb;
  18   1              TL0 = 0xe2; // reset
  19   1              
  20   1              if(P3_6 ==  1 && P3_7 == 1) moveForward();
  21   1              if(P3_6 == 0 && P3_7 == 1) moveLeft();
  22   1              if(P3_6 == 1 && P3_7 == 0) moveRight();
  23   1              if(P3_6 == 0 && P3_7 == 0) stopMove();
  24   1              
  25   1              
  26   1      }


MODULE INFORMATION:   STATIC OVERLAYABLE
   CODE SIZE        =    119    ----
   CONSTANT SIZE    =   ----    ----
   XDATA SIZE       =   ----    ----
   PDATA SIZE       =   ----    ----
   DATA SIZE        =   ----    ----
   IDATA SIZE       =   ----    ----
   BIT SIZE         =   ----    ----
END OF MODULE INFORMATION.


C51 COMPILATION COMPLETE.  0 WARNING(S),  0 ERROR(S)
