C51 COMPILER V9.54   UART                                                                  04/20/2023 16:44:26 PAGE 1   


C51 COMPILER V9.54, COMPILATION OF MODULE UART
OBJECT MODULE PLACED IN .\Objects\uart.obj
COMPILER INVOKED BY: C:\Keil_v5\C51\BIN\C51.EXE uart.c OPTIMIZE(8,SPEED) BROWSE DEBUG OBJECTEXTEND PRINT(.\Listings\uart
                    -.lst) OBJECT(.\Objects\uart.obj)

line level    source

   1          #include "uart.h"
   2          #include "display.h"
   3          #include "delay.h"
   4          #include "mcontrol.h"
   5          #include "ultrasound.h"
   6          unsigned char rec;
   7          unsigned char control;
   8          void uart_init()
   9          {
  10   1          SCON = 0x50;
  11   1          PCON |= 0x00;
  12   1          TMOD &= 0x0F;
  13   1          TMOD |= 0x20;
  14   1          TL1 = 0xFd;
  15   1          TH1 = 0xFd;
  16   1          ET1 = 0;
  17   1          TR1 = 1;
  18   1          EA = 1;
  19   1          ES = 1;
  20   1              PS = 1;
  21   1      }
  22          void uart() interrupt 4 
  23          {
  24   1              rec =  SBUF;
  25   1              SBUF = rec;
  26   1              while(!TI);
  27   1              TI  = 0;
  28   1              RI =  0;
  29   1              if (rec == '0' || rec == '1' || rec == '9' || rec == '3' || rec == '7')
  30   1          {
  31   2              control = rec;
  32   2          }
  33   1          if (control == '0')
  34   1          {
  35   2                      display(0);
  36   2                      TR0 = 0;
  37   2              switch (rec)
  38   2              {
  39   3              case '5':
  40   3              {
  41   4                  stopMove();
  42   4                  break;
  43   4              }
  44   3              case '2':
  45   3              {
  46   4                  moveForward();
  47   4                  break;
  48   4              }
  49   3              case '8':
  50   3              {
  51   4                  moveBack();
  52   4                  break;
  53   4              }
  54   3              case '4':
C51 COMPILER V9.54   UART                                                                  04/20/2023 16:44:26 PAGE 2   

  55   3              {
  56   4                  moveLeft();
  57   4                  break;
  58   4              }
  59   3              case '6':
  60   3              {
  61   4                  moveRight();
  62   4                  break;
  63   4              }
  64   3              default:
  65   3              {
  66   4                  break;
  67   4              }
  68   3              }
  69   2          } else if(control == '1') {follow();} else if(control == '9')  {stopMove();display(9);TR0 = 0;} else i
             -f(control == '3') {TR0 = 0;stopMove();seek();} else if(control == '7') {display(7);away();}
  70   1      }
  71          void away()
  72          {
  73   1              while(control == '7')
  74   1              {
  75   2                      if(P3_4 ==  1 && P3_5 == 1) moveForward();
  76   2                      else {
  77   3                              Delay50ms();
  78   3                              if(P3_4 == 0 && P3_5 == 1) {
  79   4                                      moveRight();
  80   4                              }
  81   3                              if(P3_4 == 1 && P3_5 == 0) {
  82   4                                      moveLeft();
  83   4                              }
  84   3                              if(P3_4 == 0 && P3_5 == 0) {
  85   4                                      moveRight();
  86   4                              }
  87   3                      }
  88   2      }
  89   1              }
  90          void seek()
  91          {
  92   1              display(3);
  93   1              while(control == '3')
  94   1              {
  95   2                      if(P3_6 ==  1 && P3_7 == 1) moveForward();
  96   2                      if(P3_6 == 0 && P3_7 == 1) moveLeft();
  97   2                      if(P3_6 == 1 && P3_7 == 0) moveRight();
  98   2                      if(P3_6 == 0 && P3_7 == 0) stopMove();
  99   2                      delay_ms(20);
 100   2              }
 101   1      }
 102          void follow()
 103          {
 104   1              float len;
 105   1              while(control == '1')
 106   1              {
 107   2                      len = soundlen();
 108   2                      display((unsigned int)len % 10);
 109   2                      if(len >=  12.0 && len <= 14) stopMove();
 110   2                      else if(len > 25.0) stopMove();
 111   2                      else if(len > 14.0 &&  len < 25.0) moveForward();
 112   2                      else if(len < 12.0) moveBack();
 113   2                      delay_ms(100);
 114   2              }
 115   1              display(1);
C51 COMPILER V9.54   UART                                                                  04/20/2023 16:44:26 PAGE 3   

 116   1      }


MODULE INFORMATION:   STATIC OVERLAYABLE
   CODE SIZE        =    550    ----
   CONSTANT SIZE    =   ----    ----
   XDATA SIZE       =   ----    ----
   PDATA SIZE       =   ----    ----
   DATA SIZE        =      2       4
   IDATA SIZE       =   ----    ----
   BIT SIZE         =   ----    ----
END OF MODULE INFORMATION.


C51 COMPILATION COMPLETE.  0 WARNING(S),  0 ERROR(S)
